/workspaces/cmp3103/install/cmp3103m_ros2_code_fragments/lib/python3.10/site-packages/cmp3103m_ros2_code_fragments/alert.py
/workspaces/cmp3103/install/cmp3103m_ros2_code_fragments/lib/python3.10/site-packages/cmp3103m_ros2_code_fragments/chase_brown.py
/workspaces/cmp3103/install/cmp3103m_ros2_code_fragments/lib/python3.10/site-packages/cmp3103m_ros2_code_fragments/chat_receiver.py
/workspaces/cmp3103/install/cmp3103m_ros2_code_fragments/lib/python3.10/site-packages/cmp3103m_ros2_code_fragments/chat_sender.py
/workspaces/cmp3103/install/cmp3103m_ros2_code_fragments/lib/python3.10/site-packages/cmp3103m_ros2_code_fragments/colour_center.py
/workspaces/cmp3103/install/cmp3103m_ros2_code_fragments/lib/python3.10/site-packages/cmp3103m_ros2_code_fragments/colour_chaser.py
/workspaces/cmp3103/install/cmp3103m_ros2_code_fragments/lib/python3.10/site-packages/cmp3103m_ros2_code_fragments/colour_chaser2.py
/workspaces/cmp3103/install/cmp3103m_ros2_code_fragments/lib/python3.10/site-packages/cmp3103m_ros2_code_fragments/colour_contours.py
/workspaces/cmp3103/install/cmp3103m_ros2_code_fragments/lib/python3.10/site-packages/cmp3103m_ros2_code_fragments/colour_mask.py
/workspaces/cmp3103/install/cmp3103m_ros2_code_fragments/lib/python3.10/site-packages/cmp3103m_ros2_code_fragments/colour_mask2.py
/workspaces/cmp3103/install/cmp3103m_ros2_code_fragments/lib/python3.10/site-packages/cmp3103m_ros2_code_fragments/colour_mover.py
/workspaces/cmp3103/install/cmp3103m_ros2_code_fragments/lib/python3.10/site-packages/cmp3103m_ros2_code_fragments/hough_circle.py
/workspaces/cmp3103/install/cmp3103m_ros2_code_fragments/lib/python3.10/site-packages/cmp3103m_ros2_code_fragments/kinematics_diffdrive.py
/workspaces/cmp3103/install/cmp3103m_ros2_code_fragments/lib/python3.10/site-packages/cmp3103m_ros2_code_fragments/move_circle.py
/workspaces/cmp3103/install/cmp3103m_ros2_code_fragments/lib/python3.10/site-packages/cmp3103m_ros2_code_fragments/move_square.py
/workspaces/cmp3103/install/cmp3103m_ros2_code_fragments/lib/python3.10/site-packages/cmp3103m_ros2_code_fragments/opencv_bridge.py
/workspaces/cmp3103/install/cmp3103m_ros2_code_fragments/lib/python3.10/site-packages/cmp3103m_ros2_code_fragments/opencv_intro.py
/workspaces/cmp3103/install/cmp3103m_ros2_code_fragments/lib/python3.10/site-packages/cmp3103m_ros2_code_fragments/q_learning.py
/workspaces/cmp3103/install/cmp3103m_ros2_code_fragments/lib/python3.10/site-packages/cmp3103m_ros2_code_fragments/roamer.py
/workspaces/cmp3103/install/cmp3103m_ros2_code_fragments/lib/python3.10/site-packages/cmp3103m_ros2_code_fragments/robot_control_strategy_todo.py
/workspaces/cmp3103/install/cmp3103m_ros2_code_fragments/lib/python3.10/site-packages/cmp3103m_ros2_code_fragments/robot_feedback_control_todo.py
/workspaces/cmp3103/install/cmp3103m_ros2_code_fragments/lib/python3.10/site-packages/cmp3103m_ros2_code_fragments/task1.py
/workspaces/cmp3103/install/cmp3103m_ros2_code_fragments/lib/python3.10/site-packages/cmp3103m_ros2_code_fragments/task2.py
/workspaces/cmp3103/install/cmp3103m_ros2_code_fragments/lib/python3.10/site-packages/cmp3103m_ros2_code_fragments/task3.py
/workspaces/cmp3103/install/cmp3103m_ros2_code_fragments/lib/python3.10/site-packages/cmp3103m_ros2_code_fragments/__init__.py
/workspaces/cmp3103/install/cmp3103m_ros2_code_fragments/lib/python3.10/site-packages/cmp3103m_ros2_code_fragments/__pycache__/alert.cpython-310.pyc
/workspaces/cmp3103/install/cmp3103m_ros2_code_fragments/lib/python3.10/site-packages/cmp3103m_ros2_code_fragments/__pycache__/chase_brown.cpython-310.pyc
/workspaces/cmp3103/install/cmp3103m_ros2_code_fragments/lib/python3.10/site-packages/cmp3103m_ros2_code_fragments/__pycache__/chat_receiver.cpython-310.pyc
/workspaces/cmp3103/install/cmp3103m_ros2_code_fragments/lib/python3.10/site-packages/cmp3103m_ros2_code_fragments/__pycache__/chat_sender.cpython-310.pyc
/workspaces/cmp3103/install/cmp3103m_ros2_code_fragments/lib/python3.10/site-packages/cmp3103m_ros2_code_fragments/__pycache__/colour_center.cpython-310.pyc
/workspaces/cmp3103/install/cmp3103m_ros2_code_fragments/lib/python3.10/site-packages/cmp3103m_ros2_code_fragments/__pycache__/colour_chaser.cpython-310.pyc
/workspaces/cmp3103/install/cmp3103m_ros2_code_fragments/lib/python3.10/site-packages/cmp3103m_ros2_code_fragments/__pycache__/colour_chaser2.cpython-310.pyc
/workspaces/cmp3103/install/cmp3103m_ros2_code_fragments/lib/python3.10/site-packages/cmp3103m_ros2_code_fragments/__pycache__/colour_contours.cpython-310.pyc
/workspaces/cmp3103/install/cmp3103m_ros2_code_fragments/lib/python3.10/site-packages/cmp3103m_ros2_code_fragments/__pycache__/colour_mask.cpython-310.pyc
/workspaces/cmp3103/install/cmp3103m_ros2_code_fragments/lib/python3.10/site-packages/cmp3103m_ros2_code_fragments/__pycache__/colour_mask2.cpython-310.pyc
/workspaces/cmp3103/install/cmp3103m_ros2_code_fragments/lib/python3.10/site-packages/cmp3103m_ros2_code_fragments/__pycache__/colour_mover.cpython-310.pyc
/workspaces/cmp3103/install/cmp3103m_ros2_code_fragments/lib/python3.10/site-packages/cmp3103m_ros2_code_fragments/__pycache__/hough_circle.cpython-310.pyc
/workspaces/cmp3103/install/cmp3103m_ros2_code_fragments/lib/python3.10/site-packages/cmp3103m_ros2_code_fragments/__pycache__/kinematics_diffdrive.cpython-310.pyc
/workspaces/cmp3103/install/cmp3103m_ros2_code_fragments/lib/python3.10/site-packages/cmp3103m_ros2_code_fragments/__pycache__/move_circle.cpython-310.pyc
/workspaces/cmp3103/install/cmp3103m_ros2_code_fragments/lib/python3.10/site-packages/cmp3103m_ros2_code_fragments/__pycache__/move_square.cpython-310.pyc
/workspaces/cmp3103/install/cmp3103m_ros2_code_fragments/lib/python3.10/site-packages/cmp3103m_ros2_code_fragments/__pycache__/opencv_bridge.cpython-310.pyc
/workspaces/cmp3103/install/cmp3103m_ros2_code_fragments/lib/python3.10/site-packages/cmp3103m_ros2_code_fragments/__pycache__/opencv_intro.cpython-310.pyc
/workspaces/cmp3103/install/cmp3103m_ros2_code_fragments/lib/python3.10/site-packages/cmp3103m_ros2_code_fragments/__pycache__/q_learning.cpython-310.pyc
/workspaces/cmp3103/install/cmp3103m_ros2_code_fragments/lib/python3.10/site-packages/cmp3103m_ros2_code_fragments/__pycache__/roamer.cpython-310.pyc
/workspaces/cmp3103/install/cmp3103m_ros2_code_fragments/lib/python3.10/site-packages/cmp3103m_ros2_code_fragments/__pycache__/robot_control_strategy_todo.cpython-310.pyc
/workspaces/cmp3103/install/cmp3103m_ros2_code_fragments/lib/python3.10/site-packages/cmp3103m_ros2_code_fragments/__pycache__/robot_feedback_control_todo.cpython-310.pyc
/workspaces/cmp3103/install/cmp3103m_ros2_code_fragments/lib/python3.10/site-packages/cmp3103m_ros2_code_fragments/__pycache__/task1.cpython-310.pyc
/workspaces/cmp3103/install/cmp3103m_ros2_code_fragments/lib/python3.10/site-packages/cmp3103m_ros2_code_fragments/__pycache__/task2.cpython-310.pyc
/workspaces/cmp3103/install/cmp3103m_ros2_code_fragments/lib/python3.10/site-packages/cmp3103m_ros2_code_fragments/__pycache__/task3.cpython-310.pyc
/workspaces/cmp3103/install/cmp3103m_ros2_code_fragments/lib/python3.10/site-packages/cmp3103m_ros2_code_fragments/__pycache__/__init__.cpython-310.pyc
/workspaces/cmp3103/install/cmp3103m_ros2_code_fragments/share/ament_index/resource_index/packages/cmp3103m_ros2_code_fragments
/workspaces/cmp3103/install/cmp3103m_ros2_code_fragments/share/cmp3103m_ros2_code_fragments/package.xml
/workspaces/cmp3103/install/cmp3103m_ros2_code_fragments/lib/python3.10/site-packages/cmp3103m_ros2_code_fragments-0.0.1-py3.10.egg-info/dependency_links.txt
/workspaces/cmp3103/install/cmp3103m_ros2_code_fragments/lib/python3.10/site-packages/cmp3103m_ros2_code_fragments-0.0.1-py3.10.egg-info/entry_points.txt
/workspaces/cmp3103/install/cmp3103m_ros2_code_fragments/lib/python3.10/site-packages/cmp3103m_ros2_code_fragments-0.0.1-py3.10.egg-info/PKG-INFO
/workspaces/cmp3103/install/cmp3103m_ros2_code_fragments/lib/python3.10/site-packages/cmp3103m_ros2_code_fragments-0.0.1-py3.10.egg-info/requires.txt
/workspaces/cmp3103/install/cmp3103m_ros2_code_fragments/lib/python3.10/site-packages/cmp3103m_ros2_code_fragments-0.0.1-py3.10.egg-info/SOURCES.txt
/workspaces/cmp3103/install/cmp3103m_ros2_code_fragments/lib/python3.10/site-packages/cmp3103m_ros2_code_fragments-0.0.1-py3.10.egg-info/top_level.txt
/workspaces/cmp3103/install/cmp3103m_ros2_code_fragments/lib/python3.10/site-packages/cmp3103m_ros2_code_fragments-0.0.1-py3.10.egg-info/zip-safe
/workspaces/cmp3103/install/cmp3103m_ros2_code_fragments/lib/cmp3103m_ros2_code_fragments/chat_receiver
/workspaces/cmp3103/install/cmp3103m_ros2_code_fragments/lib/cmp3103m_ros2_code_fragments/chat_sender
/workspaces/cmp3103/install/cmp3103m_ros2_code_fragments/lib/cmp3103m_ros2_code_fragments/colour_center
/workspaces/cmp3103/install/cmp3103m_ros2_code_fragments/lib/cmp3103m_ros2_code_fragments/colour_chaser
/workspaces/cmp3103/install/cmp3103m_ros2_code_fragments/lib/cmp3103m_ros2_code_fragments/colour_contours
/workspaces/cmp3103/install/cmp3103m_ros2_code_fragments/lib/cmp3103m_ros2_code_fragments/colour_mask
/workspaces/cmp3103/install/cmp3103m_ros2_code_fragments/lib/cmp3103m_ros2_code_fragments/colour_mask2
/workspaces/cmp3103/install/cmp3103m_ros2_code_fragments/lib/cmp3103m_ros2_code_fragments/colour_mover
/workspaces/cmp3103/install/cmp3103m_ros2_code_fragments/lib/cmp3103m_ros2_code_fragments/move_square
/workspaces/cmp3103/install/cmp3103m_ros2_code_fragments/lib/cmp3103m_ros2_code_fragments/opencv_bridge
/workspaces/cmp3103/install/cmp3103m_ros2_code_fragments/lib/cmp3103m_ros2_code_fragments/roamer
/workspaces/cmp3103/install/cmp3103m_ros2_code_fragments/lib/cmp3103m_ros2_code_fragments/task1
/workspaces/cmp3103/install/cmp3103m_ros2_code_fragments/lib/cmp3103m_ros2_code_fragments/task2
/workspaces/cmp3103/install/cmp3103m_ros2_code_fragments/lib/cmp3103m_ros2_code_fragments/task3
