/workspaces/cmp3103/install/uol_tidybot/lib/python3.10/site-packages/uol_tidybot/spawn_objects.py
/workspaces/cmp3103/install/uol_tidybot/lib/python3.10/site-packages/uol_tidybot/spawn_patches.py
/workspaces/cmp3103/install/uol_tidybot/lib/python3.10/site-packages/uol_tidybot/__init__.py
/workspaces/cmp3103/install/uol_tidybot/lib/python3.10/site-packages/uol_tidybot/__pycache__/spawn_objects.cpython-310.pyc
/workspaces/cmp3103/install/uol_tidybot/lib/python3.10/site-packages/uol_tidybot/__pycache__/spawn_patches.cpython-310.pyc
/workspaces/cmp3103/install/uol_tidybot/lib/python3.10/site-packages/uol_tidybot/__pycache__/__init__.cpython-310.pyc
/workspaces/cmp3103/install/uol_tidybot/share/ament_index/resource_index/packages/uol_tidybot
/workspaces/cmp3103/install/uol_tidybot/share/uol_tidybot/package.xml
/workspaces/cmp3103/install/uol_tidybot/share/uol_tidybot/launch/tidybot.launch.py
/workspaces/cmp3103/install/uol_tidybot/share/uol_tidybot/param/base_local_planner_params.yaml
/workspaces/cmp3103/install/uol_tidybot/share/uol_tidybot/param/costmap_common_params.yaml
/workspaces/cmp3103/install/uol_tidybot/share/uol_tidybot/param/global_costmap_params.yaml
/workspaces/cmp3103/install/uol_tidybot/share/uol_tidybot/param/local_costmap_params.yaml
/workspaces/cmp3103/install/uol_tidybot/share/uol_tidybot/param/move_base_params.yaml
/workspaces/cmp3103/install/uol_tidybot/share/uol_tidybot/urdf/tidybot.gazebo
/workspaces/cmp3103/install/uol_tidybot/share/uol_tidybot/urdf/tidybot.xacro
/workspaces/cmp3103/install/uol_tidybot/share/uol_tidybot/worlds/empty.world
/workspaces/cmp3103/install/uol_tidybot/share/uol_tidybot/worlds/level_1_1.world
/workspaces/cmp3103/install/uol_tidybot/share/uol_tidybot/worlds/level_2_1.world
/workspaces/cmp3103/install/uol_tidybot/share/uol_tidybot/worlds/level_2_2.world
/workspaces/cmp3103/install/uol_tidybot/share/uol_tidybot/worlds/level_2_3.world
/workspaces/cmp3103/install/uol_tidybot/share/uol_tidybot/models/dice_simple/model.config
/workspaces/cmp3103/install/uol_tidybot/share/uol_tidybot/models/dice_simple/model.sdf
/workspaces/cmp3103/install/uol_tidybot/share/uol_tidybot/models/dice_simple/meshes/dice_simple.dae
/workspaces/cmp3103/install/uol_tidybot/share/uol_tidybot/models/dice_simple_red/model.config
/workspaces/cmp3103/install/uol_tidybot/share/uol_tidybot/models/dice_simple_red/model.sdf
/workspaces/cmp3103/install/uol_tidybot/share/uol_tidybot/models/dice_simple_red/meshes/dice_simple.dae
/workspaces/cmp3103/install/uol_tidybot/share/uol_tidybot/meshes/asus_xtion_pro_live.dae
/workspaces/cmp3103/install/uol_tidybot/share/uol_tidybot/meshes/asus_xtion_pro_live.png
/workspaces/cmp3103/install/uol_tidybot/lib/python3.10/site-packages/uol_tidybot-0.0.0-py3.10.egg-info/dependency_links.txt
/workspaces/cmp3103/install/uol_tidybot/lib/python3.10/site-packages/uol_tidybot-0.0.0-py3.10.egg-info/entry_points.txt
/workspaces/cmp3103/install/uol_tidybot/lib/python3.10/site-packages/uol_tidybot-0.0.0-py3.10.egg-info/PKG-INFO
/workspaces/cmp3103/install/uol_tidybot/lib/python3.10/site-packages/uol_tidybot-0.0.0-py3.10.egg-info/requires.txt
/workspaces/cmp3103/install/uol_tidybot/lib/python3.10/site-packages/uol_tidybot-0.0.0-py3.10.egg-info/SOURCES.txt
/workspaces/cmp3103/install/uol_tidybot/lib/python3.10/site-packages/uol_tidybot-0.0.0-py3.10.egg-info/top_level.txt
/workspaces/cmp3103/install/uol_tidybot/lib/python3.10/site-packages/uol_tidybot-0.0.0-py3.10.egg-info/zip-safe
/workspaces/cmp3103/install/uol_tidybot/lib/uol_tidybot/generate_objects
/workspaces/cmp3103/install/uol_tidybot/lib/uol_tidybot/spawn_patches
