running egg_info
writing ../../build/uol_tidybot/uol_tidybot.egg-info/PKG-INFO
writing dependency_links to ../../build/uol_tidybot/uol_tidybot.egg-info/dependency_links.txt
writing entry points to ../../build/uol_tidybot/uol_tidybot.egg-info/entry_points.txt
writing requirements to ../../build/uol_tidybot/uol_tidybot.egg-info/requires.txt
writing top-level names to ../../build/uol_tidybot/uol_tidybot.egg-info/top_level.txt
reading manifest file '../../build/uol_tidybot/uol_tidybot.egg-info/SOURCES.txt'
writing manifest file '../../build/uol_tidybot/uol_tidybot.egg-info/SOURCES.txt'
running build
running build_py
running install
running install_lib
running install_data
running install_egg_info
removing '/workspaces/cmp3103/install/uol_tidybot/lib/python3.10/site-packages/uol_tidybot-0.0.0-py3.10.egg-info' (and everything under it)
Copying ../../build/uol_tidybot/uol_tidybot.egg-info to /workspaces/cmp3103/install/uol_tidybot/lib/python3.10/site-packages/uol_tidybot-0.0.0-py3.10.egg-info
running install_scripts
Installing generate_objects script to /workspaces/cmp3103/install/uol_tidybot/lib/uol_tidybot
Installing spawn_patches script to /workspaces/cmp3103/install/uol_tidybot/lib/uol_tidybot
writing list of installed files to '/workspaces/cmp3103/build/uol_tidybot/install.log'
