[0.453s] DEBUG:colcon:Command line arguments: ['/usr/bin/colcon', 'build']
[0.454s] DEBUG:colcon:Parsed command line arguments: Namespace(log_base=None, log_level=None, verb_name='build', build_base='build', install_base='install', merge_install=False, symlink_install=False, test_result_base=None, continue_on_error=False, executor='parallel', parallel_workers=20, event_handlers=None, ignore_user_meta=False, metas=['./colcon.meta'], base_paths=['.'], packages_ignore=None, packages_ignore_regex=None, paths=None, packages_up_to=None, packages_up_to_regex=None, packages_above=None, packages_above_and_dependencies=None, packages_above_depth=None, packages_select_by_dep=None, packages_skip_by_dep=None, packages_skip_up_to=None, packages_select_build_failed=False, packages_skip_build_finished=False, packages_select_test_failures=False, packages_skip_test_passed=False, packages_select=None, packages_skip=None, packages_select_regex=None, packages_skip_regex=None, packages_start=None, packages_end=None, allow_overriding=[], cmake_args=None, cmake_target=None, cmake_target_skip_unavailable=False, cmake_clean_cache=False, cmake_clean_first=False, cmake_force_configure=False, ament_cmake_args=None, catkin_cmake_args=None, catkin_skip_building_tests=False, mixin_files=None, mixin=None, verb_parser=<colcon_mixin.mixin.mixin_argument.MixinArgumentDecorator object at 0x7c6f871f3370>, verb_extension=<colcon_core.verb.build.BuildVerb object at 0x7c6f871f2ec0>, main=<bound method BuildVerb.main of <colcon_core.verb.build.BuildVerb object at 0x7c6f871f2ec0>>, mixin_verb=('build',))
[0.935s] Level 1:colcon.colcon_core.package_discovery:discover_packages(colcon_meta) check parameters
[0.937s] Level 1:colcon.colcon_core.package_discovery:discover_packages(recursive) check parameters
[0.937s] Level 1:colcon.colcon_core.package_discovery:discover_packages(ignore) check parameters
[0.938s] Level 1:colcon.colcon_core.package_discovery:discover_packages(path) check parameters
[0.938s] Level 1:colcon.colcon_core.package_discovery:discover_packages(colcon_meta) discover
[0.939s] Level 1:colcon.colcon_core.package_discovery:discover_packages(recursive) discover
[0.939s] INFO:colcon.colcon_core.package_discovery:Crawling recursively for packages in '/workspaces/cmp3103'
[0.943s] Level 1:colcon.colcon_core.package_identification:_identify(.) by extensions ['ignore', 'ignore_ament_install']
[0.943s] Level 1:colcon.colcon_core.package_identification:_identify(.) by extension 'ignore'
[0.944s] Level 1:colcon.colcon_core.package_identification:_identify(.) by extension 'ignore_ament_install'
[0.945s] Level 1:colcon.colcon_core.package_identification:_identify(.) by extensions ['colcon_pkg']
[0.946s] Level 1:colcon.colcon_core.package_identification:_identify(.) by extension 'colcon_pkg'
[0.947s] Level 1:colcon.colcon_core.package_identification:_identify(.) by extensions ['colcon_meta']
[0.947s] Level 1:colcon.colcon_core.package_identification:_identify(.) by extension 'colcon_meta'
[0.948s] Level 1:colcon.colcon_core.package_identification:_identify(.) by extensions ['ros']
[0.948s] Level 1:colcon.colcon_core.package_identification:_identify(.) by extension 'ros'
[0.969s] Level 1:colcon.colcon_core.package_identification:_identify(.) by extensions ['cmake', 'python']
[0.970s] Level 1:colcon.colcon_core.package_identification:_identify(.) by extension 'cmake'
[0.972s] Level 1:colcon.colcon_core.package_identification:_identify(.) by extension 'python'
[0.973s] Level 1:colcon.colcon_core.package_identification:_identify(.) by extensions ['python_setup_py']
[0.973s] Level 1:colcon.colcon_core.package_identification:_identify(.) by extension 'python_setup_py'
[0.979s] Level 1:colcon.colcon_core.package_identification:_identify(build) by extensions ['ignore', 'ignore_ament_install']
[0.980s] Level 1:colcon.colcon_core.package_identification:_identify(build) by extension 'ignore'
[0.990s] Level 1:colcon.colcon_core.package_identification:_identify(build) ignored
[1.010s] Level 1:colcon.colcon_core.package_identification:_identify(install) by extensions ['ignore', 'ignore_ament_install']
[1.011s] Level 1:colcon.colcon_core.package_identification:_identify(install) by extension 'ignore'
[1.016s] Level 1:colcon.colcon_core.package_identification:_identify(install) ignored
[1.024s] Level 1:colcon.colcon_core.package_identification:_identify(log) by extensions ['ignore', 'ignore_ament_install']
[1.024s] Level 1:colcon.colcon_core.package_identification:_identify(log) by extension 'ignore'
[1.026s] Level 1:colcon.colcon_core.package_identification:_identify(log) ignored
[1.035s] Level 1:colcon.colcon_core.package_identification:_identify(src) by extensions ['ignore', 'ignore_ament_install']
[1.036s] Level 1:colcon.colcon_core.package_identification:_identify(src) by extension 'ignore'
[1.038s] Level 1:colcon.colcon_core.package_identification:_identify(src) by extension 'ignore_ament_install'
[1.042s] Level 1:colcon.colcon_core.package_identification:_identify(src) by extensions ['colcon_pkg']
[1.043s] Level 1:colcon.colcon_core.package_identification:_identify(src) by extension 'colcon_pkg'
[1.045s] Level 1:colcon.colcon_core.package_identification:_identify(src) by extensions ['colcon_meta']
[1.046s] Level 1:colcon.colcon_core.package_identification:_identify(src) by extension 'colcon_meta'
[1.047s] Level 1:colcon.colcon_core.package_identification:_identify(src) by extensions ['ros']
[1.048s] Level 1:colcon.colcon_core.package_identification:_identify(src) by extension 'ros'
[1.057s] Level 1:colcon.colcon_core.package_identification:_identify(src) by extensions ['cmake', 'python']
[1.058s] Level 1:colcon.colcon_core.package_identification:_identify(src) by extension 'cmake'
[1.065s] Level 1:colcon.colcon_core.package_identification:_identify(src) by extension 'python'
[1.068s] Level 1:colcon.colcon_core.package_identification:_identify(src) by extensions ['python_setup_py']
[1.069s] Level 1:colcon.colcon_core.package_identification:_identify(src) by extension 'python_setup_py'
[1.119s] Level 1:colcon.colcon_core.package_identification:_identify(src/cmp3103m_ros2_code_fragments) by extensions ['ignore', 'ignore_ament_install']
[1.120s] Level 1:colcon.colcon_core.package_identification:_identify(src/cmp3103m_ros2_code_fragments) by extension 'ignore'
[1.124s] Level 1:colcon.colcon_core.package_identification:_identify(src/cmp3103m_ros2_code_fragments) by extension 'ignore_ament_install'
[1.131s] Level 1:colcon.colcon_core.package_identification:_identify(src/cmp3103m_ros2_code_fragments) by extensions ['colcon_pkg']
[1.133s] Level 1:colcon.colcon_core.package_identification:_identify(src/cmp3103m_ros2_code_fragments) by extension 'colcon_pkg'
[1.136s] Level 1:colcon.colcon_core.package_identification:_identify(src/cmp3103m_ros2_code_fragments) by extensions ['colcon_meta']
[1.137s] Level 1:colcon.colcon_core.package_identification:_identify(src/cmp3103m_ros2_code_fragments) by extension 'colcon_meta'
[1.143s] Level 1:colcon.colcon_core.package_identification:_identify(src/cmp3103m_ros2_code_fragments) by extensions ['ros']
[1.143s] Level 1:colcon.colcon_core.package_identification:_identify(src/cmp3103m_ros2_code_fragments) by extension 'ros'
[1.195s] DEBUG:colcon.colcon_core.package_identification:Package 'src/cmp3103m_ros2_code_fragments' with type 'ros.ament_python' and name 'cmp3103m_ros2_code_fragments'
[1.209s] Level 1:colcon.colcon_core.package_identification:_identify(src/uol_tidybot) by extensions ['ignore', 'ignore_ament_install']
[1.210s] Level 1:colcon.colcon_core.package_identification:_identify(src/uol_tidybot) by extension 'ignore'
[1.213s] Level 1:colcon.colcon_core.package_identification:_identify(src/uol_tidybot) by extension 'ignore_ament_install'
[1.218s] Level 1:colcon.colcon_core.package_identification:_identify(src/uol_tidybot) by extensions ['colcon_pkg']
[1.218s] Level 1:colcon.colcon_core.package_identification:_identify(src/uol_tidybot) by extension 'colcon_pkg'
[1.227s] Level 1:colcon.colcon_core.package_identification:_identify(src/uol_tidybot) by extensions ['colcon_meta']
[1.227s] Level 1:colcon.colcon_core.package_identification:_identify(src/uol_tidybot) by extension 'colcon_meta'
[1.231s] Level 1:colcon.colcon_core.package_identification:_identify(src/uol_tidybot) by extensions ['ros']
[1.231s] Level 1:colcon.colcon_core.package_identification:_identify(src/uol_tidybot) by extension 'ros'
[1.254s] DEBUG:colcon.colcon_core.package_identification:Package 'src/uol_tidybot' with type 'ros.ament_python' and name 'uol_tidybot'
[1.261s] Level 1:colcon.colcon_core.package_identification:_identify(src/uol_tidybot_control) by extensions ['ignore', 'ignore_ament_install']
[1.262s] Level 1:colcon.colcon_core.package_identification:_identify(src/uol_tidybot_control) by extension 'ignore'
[1.264s] Level 1:colcon.colcon_core.package_identification:_identify(src/uol_tidybot_control) by extension 'ignore_ament_install'
[1.268s] Level 1:colcon.colcon_core.package_identification:_identify(src/uol_tidybot_control) by extensions ['colcon_pkg']
[1.269s] Level 1:colcon.colcon_core.package_identification:_identify(src/uol_tidybot_control) by extension 'colcon_pkg'
[1.271s] Level 1:colcon.colcon_core.package_identification:_identify(src/uol_tidybot_control) by extensions ['colcon_meta']
[1.271s] Level 1:colcon.colcon_core.package_identification:_identify(src/uol_tidybot_control) by extension 'colcon_meta'
[1.275s] Level 1:colcon.colcon_core.package_identification:_identify(src/uol_tidybot_control) by extensions ['ros']
[1.275s] Level 1:colcon.colcon_core.package_identification:_identify(src/uol_tidybot_control) by extension 'ros'
[1.319s] DEBUG:colcon.colcon_core.package_identification:Package 'src/uol_tidybot_control' with type 'ros.ament_python' and name 'uol_tidybot_control'
[1.319s] Level 1:colcon.colcon_core.package_discovery:discover_packages(recursive) using defaults
[1.320s] Level 1:colcon.colcon_core.package_discovery:discover_packages(ignore) discover
[1.320s] Level 1:colcon.colcon_core.package_discovery:discover_packages(ignore) using defaults
[1.321s] Level 1:colcon.colcon_core.package_discovery:discover_packages(path) discover
[1.321s] Level 1:colcon.colcon_core.package_discovery:discover_packages(path) using defaults
[1.399s] INFO:colcon.colcon_metadata.metadata.colcon_pkg:Updating descriptor of package 'src/uol_tidybot' from colcon.pkg: {'//"hooks"': ['share/pkgname/hook/something.sh']}
[1.463s] Level 1:colcon.colcon_core.package_discovery:discover_packages(prefix_path) check parameters
[1.464s] Level 1:colcon.colcon_core.package_discovery:discover_packages(prefix_path) discover
[1.468s] DEBUG:colcon.colcon_installed_package_information.package_discovery:Found 14 installed packages in /opt/ros/lcas/install
[1.471s] DEBUG:colcon.colcon_installed_package_information.package_discovery:Found 341 installed packages in /opt/ros/humble
[1.476s] Level 1:colcon.colcon_core.package_discovery:discover_packages(prefix_path) using defaults
[1.556s] Level 5:colcon.colcon_core.verb:set package 'cmp3103m_ros2_code_fragments' build argument 'cmake_args' from command line to 'None'
[1.557s] Level 5:colcon.colcon_core.verb:set package 'cmp3103m_ros2_code_fragments' build argument 'cmake_target' from command line to 'None'
[1.557s] Level 5:colcon.colcon_core.verb:set package 'cmp3103m_ros2_code_fragments' build argument 'cmake_target_skip_unavailable' from command line to 'False'
[1.558s] Level 5:colcon.colcon_core.verb:set package 'cmp3103m_ros2_code_fragments' build argument 'cmake_clean_cache' from command line to 'False'
[1.559s] Level 5:colcon.colcon_core.verb:set package 'cmp3103m_ros2_code_fragments' build argument 'cmake_clean_first' from command line to 'False'
[1.559s] Level 5:colcon.colcon_core.verb:set package 'cmp3103m_ros2_code_fragments' build argument 'cmake_force_configure' from command line to 'False'
[1.559s] Level 5:colcon.colcon_core.verb:set package 'cmp3103m_ros2_code_fragments' build argument 'ament_cmake_args' from command line to 'None'
[1.560s] Level 5:colcon.colcon_core.verb:set package 'cmp3103m_ros2_code_fragments' build argument 'catkin_cmake_args' from command line to 'None'
[1.560s] Level 5:colcon.colcon_core.verb:set package 'cmp3103m_ros2_code_fragments' build argument 'catkin_skip_building_tests' from command line to 'False'
[1.561s] DEBUG:colcon.colcon_core.verb:Building package 'cmp3103m_ros2_code_fragments' with the following arguments: {'ament_cmake_args': None, 'build_base': '/workspaces/cmp3103/build/cmp3103m_ros2_code_fragments', 'catkin_cmake_args': None, 'catkin_skip_building_tests': False, 'cmake_args': None, 'cmake_clean_cache': False, 'cmake_clean_first': False, 'cmake_force_configure': False, 'cmake_target': None, 'cmake_target_skip_unavailable': False, 'install_base': '/workspaces/cmp3103/install/cmp3103m_ros2_code_fragments', 'merge_install': False, 'path': '/workspaces/cmp3103/src/cmp3103m_ros2_code_fragments', 'symlink_install': False, 'test_result_base': None}
[1.562s] Level 5:colcon.colcon_core.verb:set package 'uol_tidybot' build argument 'cmake_args' from command line to 'None'
[1.563s] Level 5:colcon.colcon_core.verb:set package 'uol_tidybot' build argument 'cmake_target' from command line to 'None'
[1.563s] Level 5:colcon.colcon_core.verb:set package 'uol_tidybot' build argument 'cmake_target_skip_unavailable' from command line to 'False'
[1.564s] Level 5:colcon.colcon_core.verb:set package 'uol_tidybot' build argument 'cmake_clean_cache' from command line to 'False'
[1.564s] Level 5:colcon.colcon_core.verb:set package 'uol_tidybot' build argument 'cmake_clean_first' from command line to 'False'
[1.565s] Level 5:colcon.colcon_core.verb:set package 'uol_tidybot' build argument 'cmake_force_configure' from command line to 'False'
[1.565s] Level 5:colcon.colcon_core.verb:set package 'uol_tidybot' build argument 'ament_cmake_args' from command line to 'None'
[1.566s] Level 5:colcon.colcon_core.verb:set package 'uol_tidybot' build argument 'catkin_cmake_args' from command line to 'None'
[1.566s] Level 5:colcon.colcon_core.verb:set package 'uol_tidybot' build argument 'catkin_skip_building_tests' from command line to 'False'
[1.569s] DEBUG:colcon.colcon_core.verb:Building package 'uol_tidybot' with the following arguments: {'ament_cmake_args': None, 'build_base': '/workspaces/cmp3103/build/uol_tidybot', 'catkin_cmake_args': None, 'catkin_skip_building_tests': False, 'cmake_args': None, 'cmake_clean_cache': False, 'cmake_clean_first': False, 'cmake_force_configure': False, 'cmake_target': None, 'cmake_target_skip_unavailable': False, 'install_base': '/workspaces/cmp3103/install/uol_tidybot', 'merge_install': False, 'path': '/workspaces/cmp3103/src/uol_tidybot', 'symlink_install': False, 'test_result_base': None}
[1.571s] Level 5:colcon.colcon_core.verb:set package 'uol_tidybot_control' build argument 'cmake_args' from command line to 'None'
[1.571s] Level 5:colcon.colcon_core.verb:set package 'uol_tidybot_control' build argument 'cmake_target' from command line to 'None'
[1.572s] Level 5:colcon.colcon_core.verb:set package 'uol_tidybot_control' build argument 'cmake_target_skip_unavailable' from command line to 'False'
[1.572s] Level 5:colcon.colcon_core.verb:set package 'uol_tidybot_control' build argument 'cmake_clean_cache' from command line to 'False'
[1.573s] Level 5:colcon.colcon_core.verb:set package 'uol_tidybot_control' build argument 'cmake_clean_first' from command line to 'False'
[1.576s] Level 5:colcon.colcon_core.verb:set package 'uol_tidybot_control' build argument 'cmake_force_configure' from command line to 'False'
[1.577s] Level 5:colcon.colcon_core.verb:set package 'uol_tidybot_control' build argument 'ament_cmake_args' from command line to 'None'
[1.577s] Level 5:colcon.colcon_core.verb:set package 'uol_tidybot_control' build argument 'catkin_cmake_args' from command line to 'None'
[1.578s] Level 5:colcon.colcon_core.verb:set package 'uol_tidybot_control' build argument 'catkin_skip_building_tests' from command line to 'False'
[1.578s] DEBUG:colcon.colcon_core.verb:Building package 'uol_tidybot_control' with the following arguments: {'ament_cmake_args': None, 'build_base': '/workspaces/cmp3103/build/uol_tidybot_control', 'catkin_cmake_args': None, 'catkin_skip_building_tests': False, 'cmake_args': None, 'cmake_clean_cache': False, 'cmake_clean_first': False, 'cmake_force_configure': False, 'cmake_target': None, 'cmake_target_skip_unavailable': False, 'install_base': '/workspaces/cmp3103/install/uol_tidybot_control', 'merge_install': False, 'path': '/workspaces/cmp3103/src/uol_tidybot_control', 'symlink_install': False, 'test_result_base': None}
[1.579s] INFO:colcon.colcon_core.executor:Executing jobs using 'parallel' executor
[1.581s] DEBUG:colcon.colcon_parallel_executor.executor.parallel:run_until_complete
[1.582s] INFO:colcon.colcon_ros.task.ament_python.build:Building ROS package in '/workspaces/cmp3103/src/uol_tidybot' with build type 'ament_python'
[1.583s] Level 1:colcon.colcon_core.shell:create_environment_hook('uol_tidybot', 'ament_prefix_path')
[1.591s] INFO:colcon.colcon_core.plugin_system:Skipping extension 'colcon_core.shell.bat': Not used on non-Windows systems
[1.593s] INFO:colcon.colcon_core.shell:Creating environment hook '/workspaces/cmp3103/install/uol_tidybot/share/uol_tidybot/hook/ament_prefix_path.ps1'
[1.666s] INFO:colcon.colcon_core.shell:Creating environment descriptor '/workspaces/cmp3103/install/uol_tidybot/share/uol_tidybot/hook/ament_prefix_path.dsv'
[1.722s] INFO:colcon.colcon_core.shell:Creating environment hook '/workspaces/cmp3103/install/uol_tidybot/share/uol_tidybot/hook/ament_prefix_path.sh'
[1.762s] INFO:colcon.colcon_core.shell:Skip shell extension 'powershell' for command environment: Not usable outside of PowerShell
[1.762s] DEBUG:colcon.colcon_core.shell:Skip shell extension 'dsv' for command environment
[1.788s] INFO:colcon.colcon_ros.task.ament_python.build:Building ROS package in '/workspaces/cmp3103/src/cmp3103m_ros2_code_fragments' with build type 'ament_python'
[1.791s] Level 1:colcon.colcon_core.shell:create_environment_hook('cmp3103m_ros2_code_fragments', 'ament_prefix_path')
[1.794s] INFO:colcon.colcon_core.shell:Creating environment hook '/workspaces/cmp3103/install/cmp3103m_ros2_code_fragments/share/cmp3103m_ros2_code_fragments/hook/ament_prefix_path.ps1'
[1.852s] INFO:colcon.colcon_core.shell:Creating environment descriptor '/workspaces/cmp3103/install/cmp3103m_ros2_code_fragments/share/cmp3103m_ros2_code_fragments/hook/ament_prefix_path.dsv'
[1.885s] INFO:colcon.colcon_core.shell:Creating environment hook '/workspaces/cmp3103/install/cmp3103m_ros2_code_fragments/share/cmp3103m_ros2_code_fragments/hook/ament_prefix_path.sh'
[1.950s] INFO:colcon.colcon_core.shell:Skip shell extension 'powershell' for command environment: Not usable outside of PowerShell
[1.951s] DEBUG:colcon.colcon_core.shell:Skip shell extension 'dsv' for command environment
[2.756s] INFO:colcon.colcon_core.task.python.build:Building Python package in '/workspaces/cmp3103/src/uol_tidybot'
[2.757s] INFO:colcon.colcon_core.shell:Skip shell extension 'powershell' for command environment: Not usable outside of PowerShell
[2.757s] DEBUG:colcon.colcon_core.shell:Skip shell extension 'dsv' for command environment
[3.525s] INFO:colcon.colcon_core.task.python.build:Building Python package in '/workspaces/cmp3103/src/cmp3103m_ros2_code_fragments'
[3.526s] INFO:colcon.colcon_core.shell:Skip shell extension 'powershell' for command environment: Not usable outside of PowerShell
[3.527s] DEBUG:colcon.colcon_core.shell:Skip shell extension 'dsv' for command environment
[7.196s] DEBUG:colcon.colcon_core.event_handler.log_command:Invoking command in '/workspaces/cmp3103/src/cmp3103m_ros2_code_fragments': PYTHONPATH=/workspaces/cmp3103/build/cmp3103m_ros2_code_fragments/prefix_override:/usr/lib/python3/dist-packages/colcon_core/task/python/colcon_distutils_commands:/workspaces/cmp3103/install/cmp3103m_ros2_code_fragments/lib/python3.10/site-packages:${PYTHONPATH} /usr/bin/python3 -W ignore:setup.py install is deprecated -W ignore:easy_install command is deprecated setup.py egg_info --egg-base ../../build/cmp3103m_ros2_code_fragments build --build-base /workspaces/cmp3103/build/cmp3103m_ros2_code_fragments/build install --record /workspaces/cmp3103/build/cmp3103m_ros2_code_fragments/install.log --single-version-externally-managed install_data
[7.302s] DEBUG:colcon.colcon_core.event_handler.log_command:Invoking command in '/workspaces/cmp3103/src/uol_tidybot': PYTHONPATH=/workspaces/cmp3103/build/uol_tidybot/prefix_override:/usr/lib/python3/dist-packages/colcon_core/task/python/colcon_distutils_commands:/workspaces/cmp3103/install/uol_tidybot/lib/python3.10/site-packages:${PYTHONPATH} /usr/bin/python3 -W ignore:setup.py install is deprecated -W ignore:easy_install command is deprecated setup.py egg_info --egg-base ../../build/uol_tidybot build --build-base /workspaces/cmp3103/build/uol_tidybot/build install --record /workspaces/cmp3103/build/uol_tidybot/install.log --single-version-externally-managed install_data
[15.603s] DEBUG:colcon.colcon_core.event_handler.log_command:Invoked command in '/workspaces/cmp3103/src/uol_tidybot' returned '0': PYTHONPATH=/workspaces/cmp3103/build/uol_tidybot/prefix_override:/usr/lib/python3/dist-packages/colcon_core/task/python/colcon_distutils_commands:/workspaces/cmp3103/install/uol_tidybot/lib/python3.10/site-packages:${PYTHONPATH} /usr/bin/python3 -W ignore:setup.py install is deprecated -W ignore:easy_install command is deprecated setup.py egg_info --egg-base ../../build/uol_tidybot build --build-base /workspaces/cmp3103/build/uol_tidybot/build install --record /workspaces/cmp3103/build/uol_tidybot/install.log --single-version-externally-managed install_data
[15.608s] Level 1:colcon.colcon_core.environment:checking '/workspaces/cmp3103/install/uol_tidybot' for CMake module files
[15.762s] Level 1:colcon.colcon_core.environment:checking '/workspaces/cmp3103/install/uol_tidybot' for CMake config files
[16.293s] Level 1:colcon.colcon_core.environment:checking '/workspaces/cmp3103/install/uol_tidybot/lib'
[16.301s] Level 1:colcon.colcon_core.environment:checking '/workspaces/cmp3103/install/uol_tidybot/bin'
[16.304s] Level 1:colcon.colcon_core.environment:checking '/workspaces/cmp3103/install/uol_tidybot/lib/pkgconfig/uol_tidybot.pc'
[16.307s] Level 1:colcon.colcon_core.environment:checking '/workspaces/cmp3103/install/uol_tidybot/lib/python3.10/site-packages'
[16.313s] Level 1:colcon.colcon_core.shell:create_environment_hook('uol_tidybot', 'pythonpath')
[16.314s] INFO:colcon.colcon_core.shell:Creating environment hook '/workspaces/cmp3103/install/uol_tidybot/share/uol_tidybot/hook/pythonpath.ps1'
[16.342s] INFO:colcon.colcon_core.shell:Creating environment descriptor '/workspaces/cmp3103/install/uol_tidybot/share/uol_tidybot/hook/pythonpath.dsv'
[16.389s] INFO:colcon.colcon_core.shell:Creating environment hook '/workspaces/cmp3103/install/uol_tidybot/share/uol_tidybot/hook/pythonpath.sh'
[16.436s] Level 1:colcon.colcon_core.environment:checking '/workspaces/cmp3103/install/uol_tidybot/bin'
[16.438s] Level 1:colcon.colcon_core.environment:create_environment_scripts_only(uol_tidybot)
[16.440s] INFO:colcon.colcon_core.shell:Creating package script '/workspaces/cmp3103/install/uol_tidybot/share/uol_tidybot/package.ps1'
[16.502s] INFO:colcon.colcon_core.shell:Creating package descriptor '/workspaces/cmp3103/install/uol_tidybot/share/uol_tidybot/package.dsv'
[16.525s] INFO:colcon.colcon_core.shell:Creating package script '/workspaces/cmp3103/install/uol_tidybot/share/uol_tidybot/package.sh'
[16.546s] INFO:colcon.colcon_core.shell:Creating package script '/workspaces/cmp3103/install/uol_tidybot/share/uol_tidybot/package.bash'
[16.585s] INFO:colcon.colcon_core.shell:Creating package script '/workspaces/cmp3103/install/uol_tidybot/share/uol_tidybot/package.zsh'
[16.604s] Level 1:colcon.colcon_core.environment:create_file_with_runtime_dependencies(/workspaces/cmp3103/install/uol_tidybot/share/colcon-core/packages/uol_tidybot)
[16.620s] INFO:colcon.colcon_ros.task.ament_python.build:Building ROS package in '/workspaces/cmp3103/src/uol_tidybot_control' with build type 'ament_python'
[16.621s] Level 1:colcon.colcon_core.shell:create_environment_hook('uol_tidybot_control', 'ament_prefix_path')
[16.621s] INFO:colcon.colcon_core.shell:Creating environment hook '/workspaces/cmp3103/install/uol_tidybot_control/share/uol_tidybot_control/hook/ament_prefix_path.ps1'
[16.648s] INFO:colcon.colcon_core.shell:Creating environment descriptor '/workspaces/cmp3103/install/uol_tidybot_control/share/uol_tidybot_control/hook/ament_prefix_path.dsv'
[16.690s] INFO:colcon.colcon_core.shell:Creating environment hook '/workspaces/cmp3103/install/uol_tidybot_control/share/uol_tidybot_control/hook/ament_prefix_path.sh'
[16.725s] INFO:colcon.colcon_core.shell:Skip shell extension 'powershell' for command environment: Not usable outside of PowerShell
[16.726s] DEBUG:colcon.colcon_core.shell:Skip shell extension 'dsv' for command environment
[18.571s] INFO:colcon.colcon_core.task.python.build:Building Python package in '/workspaces/cmp3103/src/uol_tidybot_control'
[18.573s] INFO:colcon.colcon_core.shell:Skip shell extension 'powershell' for command environment: Not usable outside of PowerShell
[18.574s] DEBUG:colcon.colcon_core.shell:Skip shell extension 'dsv' for command environment
[18.918s] Level 1:colcon.colcon_core.environment:checking '/workspaces/cmp3103/install/cmp3103m_ros2_code_fragments' for CMake module files
[18.922s] DEBUG:colcon.colcon_core.event_handler.log_command:Invoked command in '/workspaces/cmp3103/src/cmp3103m_ros2_code_fragments' returned '0': PYTHONPATH=/workspaces/cmp3103/build/cmp3103m_ros2_code_fragments/prefix_override:/usr/lib/python3/dist-packages/colcon_core/task/python/colcon_distutils_commands:/workspaces/cmp3103/install/cmp3103m_ros2_code_fragments/lib/python3.10/site-packages:${PYTHONPATH} /usr/bin/python3 -W ignore:setup.py install is deprecated -W ignore:easy_install command is deprecated setup.py egg_info --egg-base ../../build/cmp3103m_ros2_code_fragments build --build-base /workspaces/cmp3103/build/cmp3103m_ros2_code_fragments/build install --record /workspaces/cmp3103/build/cmp3103m_ros2_code_fragments/install.log --single-version-externally-managed install_data
[19.259s] Level 1:colcon.colcon_core.environment:checking '/workspaces/cmp3103/install/cmp3103m_ros2_code_fragments' for CMake config files
[19.581s] Level 1:colcon.colcon_core.environment:checking '/workspaces/cmp3103/install/cmp3103m_ros2_code_fragments/lib'
[19.596s] Level 1:colcon.colcon_core.environment:checking '/workspaces/cmp3103/install/cmp3103m_ros2_code_fragments/bin'
[19.600s] Level 1:colcon.colcon_core.environment:checking '/workspaces/cmp3103/install/cmp3103m_ros2_code_fragments/lib/pkgconfig/cmp3103m_ros2_code_fragments.pc'
[19.607s] Level 1:colcon.colcon_core.environment:checking '/workspaces/cmp3103/install/cmp3103m_ros2_code_fragments/lib/python3.10/site-packages'
[19.628s] Level 1:colcon.colcon_core.shell:create_environment_hook('cmp3103m_ros2_code_fragments', 'pythonpath')
[19.630s] INFO:colcon.colcon_core.shell:Creating environment hook '/workspaces/cmp3103/install/cmp3103m_ros2_code_fragments/share/cmp3103m_ros2_code_fragments/hook/pythonpath.ps1'
[19.668s] INFO:colcon.colcon_core.shell:Creating environment descriptor '/workspaces/cmp3103/install/cmp3103m_ros2_code_fragments/share/cmp3103m_ros2_code_fragments/hook/pythonpath.dsv'
[19.741s] INFO:colcon.colcon_core.shell:Creating environment hook '/workspaces/cmp3103/install/cmp3103m_ros2_code_fragments/share/cmp3103m_ros2_code_fragments/hook/pythonpath.sh'
[19.830s] Level 1:colcon.colcon_core.environment:checking '/workspaces/cmp3103/install/cmp3103m_ros2_code_fragments/bin'
[19.844s] Level 1:colcon.colcon_core.environment:create_environment_scripts_only(cmp3103m_ros2_code_fragments)
[19.845s] INFO:colcon.colcon_core.shell:Creating package script '/workspaces/cmp3103/install/cmp3103m_ros2_code_fragments/share/cmp3103m_ros2_code_fragments/package.ps1'
[19.881s] INFO:colcon.colcon_core.shell:Creating package descriptor '/workspaces/cmp3103/install/cmp3103m_ros2_code_fragments/share/cmp3103m_ros2_code_fragments/package.dsv'
[19.909s] INFO:colcon.colcon_core.shell:Creating package script '/workspaces/cmp3103/install/cmp3103m_ros2_code_fragments/share/cmp3103m_ros2_code_fragments/package.sh'
[19.949s] INFO:colcon.colcon_core.shell:Creating package script '/workspaces/cmp3103/install/cmp3103m_ros2_code_fragments/share/cmp3103m_ros2_code_fragments/package.bash'
[19.970s] INFO:colcon.colcon_core.shell:Creating package script '/workspaces/cmp3103/install/cmp3103m_ros2_code_fragments/share/cmp3103m_ros2_code_fragments/package.zsh'
[19.993s] Level 1:colcon.colcon_core.environment:create_file_with_runtime_dependencies(/workspaces/cmp3103/install/cmp3103m_ros2_code_fragments/share/colcon-core/packages/cmp3103m_ros2_code_fragments)
[24.657s] DEBUG:colcon.colcon_core.event_handler.log_command:Invoking command in '/workspaces/cmp3103/src/uol_tidybot_control': AMENT_PREFIX_PATH=/workspaces/cmp3103/install/uol_tidybot:${AMENT_PREFIX_PATH} PYTHONPATH=/workspaces/cmp3103/build/uol_tidybot_control/prefix_override:/usr/lib/python3/dist-packages/colcon_core/task/python/colcon_distutils_commands:/workspaces/cmp3103/install/uol_tidybot_control/lib/python3.10/site-packages:/workspaces/cmp3103/install/uol_tidybot/lib/python3.10/site-packages:${PYTHONPATH} /usr/bin/python3 -W ignore:setup.py install is deprecated -W ignore:easy_install command is deprecated setup.py egg_info --egg-base ../../build/uol_tidybot_control build --build-base /workspaces/cmp3103/build/uol_tidybot_control/build install --record /workspaces/cmp3103/build/uol_tidybot_control/install.log --single-version-externally-managed install_data
[30.765s] Level 1:colcon.colcon_core.environment:checking '/workspaces/cmp3103/install/uol_tidybot_control' for CMake module files
[30.767s] DEBUG:colcon.colcon_core.event_handler.log_command:Invoked command in '/workspaces/cmp3103/src/uol_tidybot_control' returned '0': AMENT_PREFIX_PATH=/workspaces/cmp3103/install/uol_tidybot:${AMENT_PREFIX_PATH} PYTHONPATH=/workspaces/cmp3103/build/uol_tidybot_control/prefix_override:/usr/lib/python3/dist-packages/colcon_core/task/python/colcon_distutils_commands:/workspaces/cmp3103/install/uol_tidybot_control/lib/python3.10/site-packages:/workspaces/cmp3103/install/uol_tidybot/lib/python3.10/site-packages:${PYTHONPATH} /usr/bin/python3 -W ignore:setup.py install is deprecated -W ignore:easy_install command is deprecated setup.py egg_info --egg-base ../../build/uol_tidybot_control build --build-base /workspaces/cmp3103/build/uol_tidybot_control/build install --record /workspaces/cmp3103/build/uol_tidybot_control/install.log --single-version-externally-managed install_data
[30.937s] Level 1:colcon.colcon_core.environment:checking '/workspaces/cmp3103/install/uol_tidybot_control' for CMake config files
[31.588s] Level 1:colcon.colcon_core.environment:checking '/workspaces/cmp3103/install/uol_tidybot_control/lib'
[31.621s] Level 1:colcon.colcon_core.environment:checking '/workspaces/cmp3103/install/uol_tidybot_control/bin'
[31.630s] Level 1:colcon.colcon_core.environment:checking '/workspaces/cmp3103/install/uol_tidybot_control/lib/pkgconfig/uol_tidybot_control.pc'
[31.658s] Level 1:colcon.colcon_core.environment:checking '/workspaces/cmp3103/install/uol_tidybot_control/lib/python3.10/site-packages'
[31.674s] Level 1:colcon.colcon_core.shell:create_environment_hook('uol_tidybot_control', 'pythonpath')
[31.675s] INFO:colcon.colcon_core.shell:Creating environment hook '/workspaces/cmp3103/install/uol_tidybot_control/share/uol_tidybot_control/hook/pythonpath.ps1'
[31.766s] INFO:colcon.colcon_core.shell:Creating environment descriptor '/workspaces/cmp3103/install/uol_tidybot_control/share/uol_tidybot_control/hook/pythonpath.dsv'
[31.820s] INFO:colcon.colcon_core.shell:Creating environment hook '/workspaces/cmp3103/install/uol_tidybot_control/share/uol_tidybot_control/hook/pythonpath.sh'
[31.872s] Level 1:colcon.colcon_core.environment:checking '/workspaces/cmp3103/install/uol_tidybot_control/bin'
[31.877s] Level 1:colcon.colcon_core.environment:create_environment_scripts_only(uol_tidybot_control)
[31.879s] INFO:colcon.colcon_core.shell:Creating package script '/workspaces/cmp3103/install/uol_tidybot_control/share/uol_tidybot_control/package.ps1'
[31.904s] INFO:colcon.colcon_core.shell:Creating package descriptor '/workspaces/cmp3103/install/uol_tidybot_control/share/uol_tidybot_control/package.dsv'
[31.948s] INFO:colcon.colcon_core.shell:Creating package script '/workspaces/cmp3103/install/uol_tidybot_control/share/uol_tidybot_control/package.sh'
[31.973s] INFO:colcon.colcon_core.shell:Creating package script '/workspaces/cmp3103/install/uol_tidybot_control/share/uol_tidybot_control/package.bash'
[31.997s] INFO:colcon.colcon_core.shell:Creating package script '/workspaces/cmp3103/install/uol_tidybot_control/share/uol_tidybot_control/package.zsh'
[32.085s] Level 1:colcon.colcon_core.environment:create_file_with_runtime_dependencies(/workspaces/cmp3103/install/uol_tidybot_control/share/colcon-core/packages/uol_tidybot_control)
[32.129s] DEBUG:colcon.colcon_parallel_executor.executor.parallel:closing loop
[32.132s] DEBUG:colcon.colcon_parallel_executor.executor.parallel:loop closed
[32.134s] DEBUG:colcon.colcon_parallel_executor.executor.parallel:run_until_complete finished with '0'
[32.135s] DEBUG:colcon.colcon_core.event_reactor:joining thread
[32.184s] INFO:colcon.colcon_core.plugin_system:Skipping extension 'colcon_notification.desktop_notification.notify_send': Could not find 'notify-send'
[32.185s] INFO:colcon.colcon_core.plugin_system:Skipping extension 'colcon_notification.desktop_notification.terminal_notifier': Not used on non-Darwin systems
[32.186s] INFO:colcon.colcon_core.plugin_system:Skipping extension 'colcon_notification.desktop_notification.win32': Not used on non-Windows systems
[32.186s] INFO:colcon.colcon_notification.desktop_notification:Sending desktop notification using 'notify2'
[32.206s] DEBUG:colcon.colcon_notification.desktop_notification.notify2:Failed to initialize notify2: org.freedesktop.DBus.Error.ServiceUnknown: The name org.freedesktop.Notifications was not provided by any .service files
[32.207s] DEBUG:colcon.colcon_core.event_reactor:joined thread
[32.210s] INFO:colcon.colcon_core.shell:Creating prefix script '/workspaces/cmp3103/install/local_setup.ps1'
[32.236s] INFO:colcon.colcon_core.shell:Creating prefix util module '/workspaces/cmp3103/install/_local_setup_util_ps1.py'
[32.262s] INFO:colcon.colcon_core.shell:Creating prefix chain script '/workspaces/cmp3103/install/setup.ps1'
[32.281s] INFO:colcon.colcon_core.shell:Creating prefix script '/workspaces/cmp3103/install/local_setup.sh'
[32.295s] INFO:colcon.colcon_core.shell:Creating prefix util module '/workspaces/cmp3103/install/_local_setup_util_sh.py'
[32.307s] INFO:colcon.colcon_core.shell:Creating prefix chain script '/workspaces/cmp3103/install/setup.sh'
[32.319s] INFO:colcon.colcon_core.shell:Creating prefix script '/workspaces/cmp3103/install/local_setup.bash'
[32.346s] INFO:colcon.colcon_core.shell:Creating prefix chain script '/workspaces/cmp3103/install/setup.bash'
[32.366s] INFO:colcon.colcon_core.shell:Creating prefix script '/workspaces/cmp3103/install/local_setup.zsh'
[32.382s] INFO:colcon.colcon_core.shell:Creating prefix chain script '/workspaces/cmp3103/install/setup.zsh'
